 __________________________________________________________________________________________________
|                                 Thanks for using CyRSoXS                                        |
|--------------------------------------------------------------------------------------------------|
|  Copyright          : Iowa State University                                                      |
|  License            : NIST                                                                       |
|  Acknowledgement    : ONR MURI                                                                   |
|                                                                                                  |
|  Developed at Iowa State University in collaboration with NIST                                   |
|                                                                                                  |
|  Please cite the following publication :                                                         |
|  Comments/Questions :                                                                            |
|          1. Dr. Baskar GanapathySubramanian (baskarg@iastate.edu)                                |
|          2. Dr. Adarsh Krishnamurthy        (adarsh@iastate.edu)                                 |
|          3. Dr. Dean DeLongchamp            (dean.delongchamp@nist.gov)                          |
 -------------------------------------------------------------------------------------------------- 



CyRSoXS: 
=========================================================================================
Version              : 1.1.7 0
Git patch            : 8266cec
Size of Real         : 4
Number of material   : 2

Scaling Information:
=========================================================================================
Number of pixel      :[512,512]
Q range              :[-0.628319,0.628319]



InputData : 
=========================================================================================
CaseType             : Default
Morphology Type      : EulerAngles
Morphology Order     : ZYX
Reference Frame      : LAB(1)
Dimensions [Z Y X]   : [1 512 512]
PhysSize             : 5nm 
E Rotation Angle     : 0 : 1 : 360
Energies simulated   : [275 276 277 278 279 280 281 282 283 284 285 286 287 288 289 290 291 292 293 294 295 296 297 298 299 ]
Windowing Type       : NONE
Rotation Mask        : 0
Interpolation Type   : Trilinear interpolation
kVectors             : ([0,0,1])
Scatter Approach     : Partial
Algorithm            : CommunicationMinimizing



Rotation Matrices : 
=========================================================================================
Detector Rotation Matrix
-------------------------------
1 0 0 
0 1 0 
0 0 1 
-------------------------------
K Rotation Matrix And Base Configuration 
-----------------------------------------
-----------------------------------------
K = 0 0 1
1 0 0 
0 1 0 
0 0 1 
RotAngle = 0
Base X   = 1 0 0
Base Y   = 0 1 0
Base Z   = 0 0 1
-----------------------------------------
-------------------------------
